configure.ac:18: warning: AC_ARG_PROGRAM was called before AC_CANONICAL_TARGET
../../lib/autoconf/general.m4:1833: AC_CANONICAL_TARGET is expanded from...
configure.ac:18: the top level
configure.ac:260: warning: AC_CACHE_VAL(lt_prog_compiler_static_works, ...): suspicious cache-id, must contain _cv_ to be cached
../../lib/autoconf/general.m4:2031: AC_CACHE_VAL is expanded from...
../../lib/autoconf/general.m4:2052: AC_CACHE_CHECK is expanded from...
autoconf/libtool.m4:609: AC_LIBTOOL_LINKER_OPTION is expanded from...
autoconf/libtool.m4:2493: _LT_AC_LANG_C_CONFIG is expanded from...
autoconf/libtool.m4:2492: AC_LIBTOOL_LANG_C_CONFIG is expanded from...
autoconf/libtool.m4:95: AC_LIBTOOL_SETUP is expanded from...
autoconf/libtool.m4:75: _AC_PROG_LIBTOOL is expanded from...
autoconf/libtool.m4:40: AC_PROG_LIBTOOL is expanded from...
configure.ac:260: the top level
configure.ac:260: warning: AC_CACHE_VAL(lt_prog_compiler_pic_works, ...): suspicious cache-id, must contain _cv_ to be cached
../../lib/autoconf/general.m4:2031: AC_CACHE_VAL is expanded from...
../../lib/autoconf/general.m4:2052: AC_CACHE_CHECK is expanded from...
autoconf/libtool.m4:566: AC_LIBTOOL_COMPILER_OPTION is expanded from...
autoconf/libtool.m4:4543: AC_LIBTOOL_PROG_COMPILER_PIC is expanded from...
autoconf/libtool.m4:2493: _LT_AC_LANG_C_CONFIG is expanded from...
autoconf/libtool.m4:2492: AC_LIBTOOL_LANG_C_CONFIG is expanded from...
autoconf/libtool.m4:95: AC_LIBTOOL_SETUP is expanded from...
autoconf/libtool.m4:75: _AC_PROG_LIBTOOL is expanded from...
autoconf/libtool.m4:40: AC_PROG_LIBTOOL is expanded from...
configure.ac:260: the top level
configure.ac:260: warning: AC_LANG_CONFTEST: no AC_LANG_SOURCE call detected in body
../../lib/autoconf/lang.m4:193: AC_LANG_CONFTEST is expanded from...
../../lib/autoconf/general.m4:2661: _AC_LINK_IFELSE is expanded from...
../../lib/autoconf/general.m4:2678: AC_LINK_IFELSE is expanded from...
autoconf/libtool.m4:256: _LT_AC_SYS_LIBPATH_AIX is expanded from...
autoconf/libtool.m4:5005: AC_LIBTOOL_PROG_LD_SHLIBS is expanded from...
autoconf/libtool.m4:2493: _LT_AC_LANG_C_CONFIG is expanded from...
autoconf/libtool.m4:2492: AC_LIBTOOL_LANG_C_CONFIG is expanded from...
autoconf/libtool.m4:95: AC_LIBTOOL_SETUP is expanded from...
autoconf/libtool.m4:75: _AC_PROG_LIBTOOL is expanded from...
autoconf/libtool.m4:40: AC_PROG_LIBTOOL is expanded from...
configure.ac:260: the top level
configure.ac:260: warning: AC_LANG_CONFTEST: no AC_LANG_SOURCE call detected in body
../../lib/autoconf/lang.m4:193: AC_LANG_CONFTEST is expanded from...
../../lib/autoconf/general.m4:2661: _AC_LINK_IFELSE is expanded from...
../../lib/autoconf/general.m4:2678: AC_LINK_IFELSE is expanded from...
autoconf/libtool.m4:256: _LT_AC_SYS_LIBPATH_AIX is expanded from...
autoconf/libtool.m4:2638: _LT_AC_LANG_CXX_CONFIG is expanded from...
autoconf/libtool.m4:2637: AC_LIBTOOL_LANG_CXX_CONFIG is expanded from...
autoconf/libtool.m4:1637: _LT_AC_TAGCONFIG is expanded from...
autoconf/libtool.m4:95: AC_LIBTOOL_SETUP is expanded from...
autoconf/libtool.m4:75: _AC_PROG_LIBTOOL is expanded from...
autoconf/libtool.m4:40: AC_PROG_LIBTOOL is expanded from...
configure.ac:260: the top level
configure.ac:260: warning: AC_CACHE_VAL(lt_prog_compiler_pic_works_CXX, ...): suspicious cache-id, must contain _cv_ to be cached
../../lib/autoconf/general.m4:2031: AC_CACHE_VAL is expanded from...
../../lib/autoconf/general.m4:2052: AC_CACHE_CHECK is expanded from...
autoconf/libtool.m4:566: AC_LIBTOOL_COMPILER_OPTION is expanded from...
autoconf/libtool.m4:4543: AC_LIBTOOL_PROG_COMPILER_PIC is expanded from...
autoconf/libtool.m4:2638: _LT_AC_LANG_CXX_CONFIG is expanded from...
autoconf/libtool.m4:2637: AC_LIBTOOL_LANG_CXX_CONFIG is expanded from...
autoconf/libtool.m4:1637: _LT_AC_TAGCONFIG is expanded from...
autoconf/libtool.m4:95: AC_LIBTOOL_SETUP is expanded from...
autoconf/libtool.m4:75: _AC_PROG_LIBTOOL is expanded from...
autoconf/libtool.m4:40: AC_PROG_LIBTOOL is expanded from...
configure.ac:260: the top level
configure.ac:260: warning: AC_CACHE_VAL(lt_prog_compiler_pic_works_F77, ...): suspicious cache-id, must contain _cv_ to be cached
../../lib/autoconf/general.m4:2031: AC_CACHE_VAL is expanded from...
../../lib/autoconf/general.m4:2052: AC_CACHE_CHECK is expanded from...
autoconf/libtool.m4:566: AC_LIBTOOL_COMPILER_OPTION is expanded from...
autoconf/libtool.m4:4543: AC_LIBTOOL_PROG_COMPILER_PIC is expanded from...
autoconf/libtool.m4:3668: _LT_AC_LANG_F77_CONFIG is expanded from...
autoconf/libtool.m4:3667: AC_LIBTOOL_LANG_F77_CONFIG is expanded from...
autoconf/libtool.m4:1637: _LT_AC_TAGCONFIG is expanded from...
autoconf/libtool.m4:95: AC_LIBTOOL_SETUP is expanded from...
autoconf/libtool.m4:75: _AC_PROG_LIBTOOL is expanded from...
autoconf/libtool.m4:40: AC_PROG_LIBTOOL is expanded from...
configure.ac:260: the top level
configure.ac:260: warning: AC_CACHE_VAL(lt_prog_compiler_pic_works_GCJ, ...): suspicious cache-id, must contain _cv_ to be cached
../../lib/autoconf/general.m4:2031: AC_CACHE_VAL is expanded from...
../../lib/autoconf/general.m4:2052: AC_CACHE_CHECK is expanded from...
autoconf/libtool.m4:566: AC_LIBTOOL_COMPILER_OPTION is expanded from...
autoconf/libtool.m4:4543: AC_LIBTOOL_PROG_COMPILER_PIC is expanded from...
autoconf/libtool.m4:3768: _LT_AC_LANG_GCJ_CONFIG is expanded from...
autoconf/libtool.m4:3767: AC_LIBTOOL_LANG_GCJ_CONFIG is expanded from...
autoconf/libtool.m4:1637: _LT_AC_TAGCONFIG is expanded from...
autoconf/libtool.m4:95: AC_LIBTOOL_SETUP is expanded from...
autoconf/libtool.m4:75: _AC_PROG_LIBTOOL is expanded from...
autoconf/libtool.m4:40: AC_PROG_LIBTOOL is expanded from...
configure.ac:260: the top level
configure.ac:260: warning: AC_LANG_CONFTEST: no AC_LANG_SOURCE call detected in body
../../lib/autoconf/lang.m4:193: AC_LANG_CONFTEST is expanded from...
../../lib/autoconf/general.m4:2661: _AC_LINK_IFELSE is expanded from...
../../lib/autoconf/general.m4:2678: AC_LINK_IFELSE is expanded from...
autoconf/libtool.m4:256: _LT_AC_SYS_LIBPATH_AIX is expanded from...
autoconf/libtool.m4:5005: AC_LIBTOOL_PROG_LD_SHLIBS is expanded from...
autoconf/libtool.m4:3768: _LT_AC_LANG_GCJ_CONFIG is expanded from...
autoconf/libtool.m4:3767: AC_LIBTOOL_LANG_GCJ_CONFIG is expanded from...
autoconf/libtool.m4:1637: _LT_AC_TAGCONFIG is expanded from...
autoconf/libtool.m4:95: AC_LIBTOOL_SETUP is expanded from...
autoconf/libtool.m4:75: _AC_PROG_LIBTOOL is expanded from...
autoconf/libtool.m4:40: AC_PROG_LIBTOOL is expanded from...
configure.ac:260: the top level
configure.ac:973: warning: AC_LANG_CONFTEST: no AC_LANG_SOURCE call detected in body
../../lib/autoconf/lang.m4:193: AC_LANG_CONFTEST is expanded from...
../../lib/autoconf/general.m4:2590: _AC_COMPILE_IFELSE is expanded from...
../../lib/autoconf/general.m4:2606: AC_COMPILE_IFELSE is expanded from...
../../lib/m4sugar/m4sh.m4:639: AS_IF is expanded from...
../../lib/autoconf/general.m4:2031: AC_CACHE_VAL is expanded from...
../../lib/autoconf/general.m4:2052: AC_CACHE_CHECK is expanded from...
configure.ac:973: the top level
configure.ac:1021: warning: AC_LANG_CONFTEST: no AC_LANG_SOURCE call detected in body
../../lib/autoconf/lang.m4:193: AC_LANG_CONFTEST is expanded from...
../../lib/autoconf/general.m4:2590: _AC_COMPILE_IFELSE is expanded from...
../../lib/autoconf/general.m4:2606: AC_COMPILE_IFELSE is expanded from...
../../lib/m4sugar/m4sh.m4:639: AS_IF is expanded from...
../../lib/autoconf/general.m4:2031: AC_CACHE_VAL is expanded from...
../../lib/autoconf/general.m4:2052: AC_CACHE_CHECK is expanded from...
configure.ac:1021: the top level
configure.ac:1165: warning: AC_LANG_CONFTEST: no AC_LANG_SOURCE call detected in body
../../lib/autoconf/lang.m4:193: AC_LANG_CONFTEST is expanded from...
../../lib/autoconf/general.m4:2590: _AC_COMPILE_IFELSE is expanded from...
../../lib/autoconf/general.m4:2606: AC_COMPILE_IFELSE is expanded from...
../../lib/m4sugar/m4sh.m4:639: AS_IF is expanded from...
../../lib/autoconf/general.m4:2031: AC_CACHE_VAL is expanded from...
../../lib/autoconf/general.m4:2052: AC_CACHE_CHECK is expanded from...
configure.ac:1165: the top level
configure.ac:1217: warning: AC_LANG_CONFTEST: no AC_LANG_SOURCE call detected in body
../../lib/autoconf/lang.m4:193: AC_LANG_CONFTEST is expanded from...
../../lib/autoconf/general.m4:2590: _AC_COMPILE_IFELSE is expanded from...
../../lib/autoconf/general.m4:2606: AC_COMPILE_IFELSE is expanded from...
../../lib/m4sugar/m4sh.m4:639: AS_IF is expanded from...
../../lib/autoconf/general.m4:2031: AC_CACHE_VAL is expanded from...
../../lib/autoconf/general.m4:2052: AC_CACHE_CHECK is expanded from...
configure.ac:1217: the top level
configure.ac:18: warning: AC_ARG_PROGRAM was called before AC_CANONICAL_TARGET
../../lib/autoconf/general.m4:1833: AC_CANONICAL_TARGET is expanded from...
configure.ac:18: the top level
configure.ac:260: warning: AC_CACHE_VAL(lt_prog_compiler_static_works, ...): suspicious cache-id, must contain _cv_ to be cached
../../lib/autoconf/general.m4:2031: AC_CACHE_VAL is expanded from...
../../lib/autoconf/general.m4:2052: AC_CACHE_CHECK is expanded from...
autoconf/libtool.m4:609: AC_LIBTOOL_LINKER_OPTION is expanded from...
autoconf/libtool.m4:2493: _LT_AC_LANG_C_CONFIG is expanded from...
autoconf/libtool.m4:2492: AC_LIBTOOL_LANG_C_CONFIG is expanded from...
autoconf/libtool.m4:95: AC_LIBTOOL_SETUP is expanded from...
autoconf/libtool.m4:75: _AC_PROG_LIBTOOL is expanded from...
autoconf/libtool.m4:40: AC_PROG_LIBTOOL is expanded from...
configure.ac:260: the top level
configure.ac:260: warning: AC_CACHE_VAL(lt_prog_compiler_pic_works, ...): suspicious cache-id, must contain _cv_ to be cached
../../lib/autoconf/general.m4:2031: AC_CACHE_VAL is expanded from...
../../lib/autoconf/general.m4:2052: AC_CACHE_CHECK is expanded from...
autoconf/libtool.m4:566: AC_LIBTOOL_COMPILER_OPTION is expanded from...
autoconf/libtool.m4:4543: AC_LIBTOOL_PROG_COMPILER_PIC is expanded from...
autoconf/libtool.m4:2493: _LT_AC_LANG_C_CONFIG is expanded from...
autoconf/libtool.m4:2492: AC_LIBTOOL_LANG_C_CONFIG is expanded from...
autoconf/libtool.m4:95: AC_LIBTOOL_SETUP is expanded from...
autoconf/libtool.m4:75: _AC_PROG_LIBTOOL is expanded from...
autoconf/libtool.m4:40: AC_PROG_LIBTOOL is expanded from...
configure.ac:260: the top level
configure.ac:260: warning: AC_LANG_CONFTEST: no AC_LANG_SOURCE call detected in body
../../lib/autoconf/lang.m4:193: AC_LANG_CONFTEST is expanded from...
../../lib/autoconf/general.m4:2661: _AC_LINK_IFELSE is expanded from...
../../lib/autoconf/general.m4:2678: AC_LINK_IFELSE is expanded from...
autoconf/libtool.m4:256: _LT_AC_SYS_LIBPATH_AIX is expanded from...
autoconf/libtool.m4:5005: AC_LIBTOOL_PROG_LD_SHLIBS is expanded from...
autoconf/libtool.m4:2493: _LT_AC_LANG_C_CONFIG is expanded from...
autoconf/libtool.m4:2492: AC_LIBTOOL_LANG_C_CONFIG is expanded from...
autoconf/libtool.m4:95: AC_LIBTOOL_SETUP is expanded from...
autoconf/libtool.m4:75: _AC_PROG_LIBTOOL is expanded from...
autoconf/libtool.m4:40: AC_PROG_LIBTOOL is expanded from...
configure.ac:260: the top level
configure.ac:260: warning: AC_LANG_CONFTEST: no AC_LANG_SOURCE call detected in body
../../lib/autoconf/lang.m4:193: AC_LANG_CONFTEST is expanded from...
../../lib/autoconf/general.m4:2661: _AC_LINK_IFELSE is expanded from...
../../lib/autoconf/general.m4:2678: AC_LINK_IFELSE is expanded from...
autoconf/libtool.m4:256: _LT_AC_SYS_LIBPATH_AIX is expanded from...
autoconf/libtool.m4:2638: _LT_AC_LANG_CXX_CONFIG is expanded from...
autoconf/libtool.m4:2637: AC_LIBTOOL_LANG_CXX_CONFIG is expanded from...
autoconf/libtool.m4:1637: _LT_AC_TAGCONFIG is expanded from...
autoconf/libtool.m4:95: AC_LIBTOOL_SETUP is expanded from...
autoconf/libtool.m4:75: _AC_PROG_LIBTOOL is expanded from...
autoconf/libtool.m4:40: AC_PROG_LIBTOOL is expanded from...
configure.ac:260: the top level
configure.ac:260: warning: AC_CACHE_VAL(lt_prog_compiler_pic_works_CXX, ...): suspicious cache-id, must contain _cv_ to be cached
../../lib/autoconf/general.m4:2031: AC_CACHE_VAL is expanded from...
../../lib/autoconf/general.m4:2052: AC_CACHE_CHECK is expanded from...
autoconf/libtool.m4:566: AC_LIBTOOL_COMPILER_OPTION is expanded from...
autoconf/libtool.m4:4543: AC_LIBTOOL_PROG_COMPILER_PIC is expanded from...
autoconf/libtool.m4:2638: _LT_AC_LANG_CXX_CONFIG is expanded from...
autoconf/libtool.m4:2637: AC_LIBTOOL_LANG_CXX_CONFIG is expanded from...
autoconf/libtool.m4:1637: _LT_AC_TAGCONFIG is expanded from...
autoconf/libtool.m4:95: AC_LIBTOOL_SETUP is expanded from...
autoconf/libtool.m4:75: _AC_PROG_LIBTOOL is expanded from...
autoconf/libtool.m4:40: AC_PROG_LIBTOOL is expanded from...
configure.ac:260: the top level
configure.ac:260: warning: AC_CACHE_VAL(lt_prog_compiler_pic_works_F77, ...): suspicious cache-id, must contain _cv_ to be cached
../../lib/autoconf/general.m4:2031: AC_CACHE_VAL is expanded from...
../../lib/autoconf/general.m4:2052: AC_CACHE_CHECK is expanded from...
autoconf/libtool.m4:566: AC_LIBTOOL_COMPILER_OPTION is expanded from...
autoconf/libtool.m4:4543: AC_LIBTOOL_PROG_COMPILER_PIC is expanded from...
autoconf/libtool.m4:3668: _LT_AC_LANG_F77_CONFIG is expanded from...
autoconf/libtool.m4:3667: AC_LIBTOOL_LANG_F77_CONFIG is expanded from...
autoconf/libtool.m4:1637: _LT_AC_TAGCONFIG is expanded from...
autoconf/libtool.m4:95: AC_LIBTOOL_SETUP is expanded from...
autoconf/libtool.m4:75: _AC_PROG_LIBTOOL is expanded from...
autoconf/libtool.m4:40: AC_PROG_LIBTOOL is expanded from...
configure.ac:260: the top level
configure.ac:260: warning: AC_CACHE_VAL(lt_prog_compiler_pic_works_GCJ, ...): suspicious cache-id, must contain _cv_ to be cached
../../lib/autoconf/general.m4:2031: AC_CACHE_VAL is expanded from...
../../lib/autoconf/general.m4:2052: AC_CACHE_CHECK is expanded from...
autoconf/libtool.m4:566: AC_LIBTOOL_COMPILER_OPTION is expanded from...
autoconf/libtool.m4:4543: AC_LIBTOOL_PROG_COMPILER_PIC is expanded from...
autoconf/libtool.m4:3768: _LT_AC_LANG_GCJ_CONFIG is expanded from...
autoconf/libtool.m4:3767: AC_LIBTOOL_LANG_GCJ_CONFIG is expanded from...
autoconf/libtool.m4:1637: _LT_AC_TAGCONFIG is expanded from...
autoconf/libtool.m4:95: AC_LIBTOOL_SETUP is expanded from...
autoconf/libtool.m4:75: _AC_PROG_LIBTOOL is expanded from...
autoconf/libtool.m4:40: AC_PROG_LIBTOOL is expanded from...
configure.ac:260: the top level
configure.ac:260: warning: AC_LANG_CONFTEST: no AC_LANG_SOURCE call detected in body
../../lib/autoconf/lang.m4:193: AC_LANG_CONFTEST is expanded from...
../../lib/autoconf/general.m4:2661: _AC_LINK_IFELSE is expanded from...
../../lib/autoconf/general.m4:2678: AC_LINK_IFELSE is expanded from...
autoconf/libtool.m4:256: _LT_AC_SYS_LIBPATH_AIX is expanded from...
autoconf/libtool.m4:5005: AC_LIBTOOL_PROG_LD_SHLIBS is expanded from...
autoconf/libtool.m4:3768: _LT_AC_LANG_GCJ_CONFIG is expanded from...
autoconf/libtool.m4:3767: AC_LIBTOOL_LANG_GCJ_CONFIG is expanded from...
autoconf/libtool.m4:1637: _LT_AC_TAGCONFIG is expanded from...
autoconf/libtool.m4:95: AC_LIBTOOL_SETUP is expanded from...
autoconf/libtool.m4:75: _AC_PROG_LIBTOOL is expanded from...
autoconf/libtool.m4:40: AC_PROG_LIBTOOL is expanded from...
configure.ac:260: the top level
configure.ac:973: warning: AC_LANG_CONFTEST: no AC_LANG_SOURCE call detected in body
../../lib/autoconf/lang.m4:193: AC_LANG_CONFTEST is expanded from...
../../lib/autoconf/general.m4:2590: _AC_COMPILE_IFELSE is expanded from...
../../lib/autoconf/general.m4:2606: AC_COMPILE_IFELSE is expanded from...
../../lib/m4sugar/m4sh.m4:639: AS_IF is expanded from...
../../lib/autoconf/general.m4:2031: AC_CACHE_VAL is expanded from...
../../lib/autoconf/general.m4:2052: AC_CACHE_CHECK is expanded from...
configure.ac:973: the top level
configure.ac:1021: warning: AC_LANG_CONFTEST: no AC_LANG_SOURCE call detected in body
../../lib/autoconf/lang.m4:193: AC_LANG_CONFTEST is expanded from...
../../lib/autoconf/general.m4:2590: _AC_COMPILE_IFELSE is expanded from...
../../lib/autoconf/general.m4:2606: AC_COMPILE_IFELSE is expanded from...
../../lib/m4sugar/m4sh.m4:639: AS_IF is expanded from...
../../lib/autoconf/general.m4:2031: AC_CACHE_VAL is expanded from...
../../lib/autoconf/general.m4:2052: AC_CACHE_CHECK is expanded from...
configure.ac:1021: the top level
configure.ac:1165: warning: AC_LANG_CONFTEST: no AC_LANG_SOURCE call detected in body
../../lib/autoconf/lang.m4:193: AC_LANG_CONFTEST is expanded from...
../../lib/autoconf/general.m4:2590: _AC_COMPILE_IFELSE is expanded from...
../../lib/autoconf/general.m4:2606: AC_COMPILE_IFELSE is expanded from...
../../lib/m4sugar/m4sh.m4:639: AS_IF is expanded from...
../../lib/autoconf/general.m4:2031: AC_CACHE_VAL is expanded from...
../../lib/autoconf/general.m4:2052: AC_CACHE_CHECK is expanded from...
configure.ac:1165: the top level
configure.ac:1217: warning: AC_LANG_CONFTEST: no AC_LANG_SOURCE call detected in body
../../lib/autoconf/lang.m4:193: AC_LANG_CONFTEST is expanded from...
../../lib/autoconf/general.m4:2590: _AC_COMPILE_IFELSE is expanded from...
../../lib/autoconf/general.m4:2606: AC_COMPILE_IFELSE is expanded from...
../../lib/m4sugar/m4sh.m4:639: AS_IF is expanded from...
../../lib/autoconf/general.m4:2031: AC_CACHE_VAL is expanded from...
../../lib/autoconf/general.m4:2052: AC_CACHE_CHECK is expanded from...
configure.ac:1217: the top level
configure.ac:18: warning: AC_ARG_PROGRAM was called before AC_CANONICAL_TARGET
../../lib/autoconf/general.m4:1833: AC_CANONICAL_TARGET is expanded from...
configure.ac:18: the top level
configure.ac:260: warning: AC_CACHE_VAL(lt_prog_compiler_static_works, ...): suspicious cache-id, must contain _cv_ to be cached
../../lib/autoconf/general.m4:2031: AC_CACHE_VAL is expanded from...
../../lib/autoconf/general.m4:2052: AC_CACHE_CHECK is expanded from...
autoconf/libtool.m4:609: AC_LIBTOOL_LINKER_OPTION is expanded from...
autoconf/libtool.m4:2493: _LT_AC_LANG_C_CONFIG is expanded from...
autoconf/libtool.m4:2492: AC_LIBTOOL_LANG_C_CONFIG is expanded from...
autoconf/libtool.m4:95: AC_LIBTOOL_SETUP is expanded from...
autoconf/libtool.m4:75: _AC_PROG_LIBTOOL is expanded from...
autoconf/libtool.m4:40: AC_PROG_LIBTOOL is expanded from...
configure.ac:260: the top level
configure.ac:260: warning: AC_CACHE_VAL(lt_prog_compiler_pic_works, ...): suspicious cache-id, must contain _cv_ to be cached
../../lib/autoconf/general.m4:2031: AC_CACHE_VAL is expanded from...
../../lib/autoconf/general.m4:2052: AC_CACHE_CHECK is expanded from...
autoconf/libtool.m4:566: AC_LIBTOOL_COMPILER_OPTION is expanded from...
autoconf/libtool.m4:4543: AC_LIBTOOL_PROG_COMPILER_PIC is expanded from...
autoconf/libtool.m4:2493: _LT_AC_LANG_C_CONFIG is expanded from...
autoconf/libtool.m4:2492: AC_LIBTOOL_LANG_C_CONFIG is expanded from...
autoconf/libtool.m4:95: AC_LIBTOOL_SETUP is expanded from...
autoconf/libtool.m4:75: _AC_PROG_LIBTOOL is expanded from...
autoconf/libtool.m4:40: AC_PROG_LIBTOOL is expanded from...
configure.ac:260: the top level
configure.ac:260: warning: AC_LANG_CONFTEST: no AC_LANG_SOURCE call detected in body
../../lib/autoconf/lang.m4:193: AC_LANG_CONFTEST is expanded from...
../../lib/autoconf/general.m4:2661: _AC_LINK_IFELSE is expanded from...
../../lib/autoconf/general.m4:2678: AC_LINK_IFELSE is expanded from...
autoconf/libtool.m4:256: _LT_AC_SYS_LIBPATH_AIX is expanded from...
autoconf/libtool.m4:5005: AC_LIBTOOL_PROG_LD_SHLIBS is expanded from...
autoconf/libtool.m4:2493: _LT_AC_LANG_C_CONFIG is expanded from...
autoconf/libtool.m4:2492: AC_LIBTOOL_LANG_C_CONFIG is expanded from...
autoconf/libtool.m4:95: AC_LIBTOOL_SETUP is expanded from...
autoconf/libtool.m4:75: _AC_PROG_LIBTOOL is expanded from...
autoconf/libtool.m4:40: AC_PROG_LIBTOOL is expanded from...
configure.ac:260: the top level
configure.ac:260: warning: AC_LANG_CONFTEST: no AC_LANG_SOURCE call detected in body
../../lib/autoconf/lang.m4:193: AC_LANG_CONFTEST is expanded from...
../../lib/autoconf/general.m4:2661: _AC_LINK_IFELSE is expanded from...
../../lib/autoconf/general.m4:2678: AC_LINK_IFELSE is expanded from...
autoconf/libtool.m4:256: _LT_AC_SYS_LIBPATH_AIX is expanded from...
autoconf/libtool.m4:2638: _LT_AC_LANG_CXX_CONFIG is expanded from...
autoconf/libtool.m4:2637: AC_LIBTOOL_LANG_CXX_CONFIG is expanded from...
autoconf/libtool.m4:1637: _LT_AC_TAGCONFIG is expanded from...
autoconf/libtool.m4:95: AC_LIBTOOL_SETUP is expanded from...
autoconf/libtool.m4:75: _AC_PROG_LIBTOOL is expanded from...
autoconf/libtool.m4:40: AC_PROG_LIBTOOL is expanded from...
configure.ac:260: the top level
configure.ac:260: warning: AC_CACHE_VAL(lt_prog_compiler_pic_works_CXX, ...): suspicious cache-id, must contain _cv_ to be cached
../../lib/autoconf/general.m4:2031: AC_CACHE_VAL is expanded from...
../../lib/autoconf/general.m4:2052: AC_CACHE_CHECK is expanded from...
autoconf/libtool.m4:566: AC_LIBTOOL_COMPILER_OPTION is expanded from...
autoconf/libtool.m4:4543: AC_LIBTOOL_PROG_COMPILER_PIC is expanded from...
autoconf/libtool.m4:2638: _LT_AC_LANG_CXX_CONFIG is expanded from...
autoconf/libtool.m4:2637: AC_LIBTOOL_LANG_CXX_CONFIG is expanded from...
autoconf/libtool.m4:1637: _LT_AC_TAGCONFIG is expanded from...
autoconf/libtool.m4:95: AC_LIBTOOL_SETUP is expanded from...
autoconf/libtool.m4:75: _AC_PROG_LIBTOOL is expanded from...
autoconf/libtool.m4:40: AC_PROG_LIBTOOL is expanded from...
configure.ac:260: the top level
configure.ac:260: warning: AC_CACHE_VAL(lt_prog_compiler_pic_works_F77, ...): suspicious cache-id, must contain _cv_ to be cached
../../lib/autoconf/general.m4:2031: AC_CACHE_VAL is expanded from...
../../lib/autoconf/general.m4:2052: AC_CACHE_CHECK is expanded from...
autoconf/libtool.m4:566: AC_LIBTOOL_COMPILER_OPTION is expanded from...
autoconf/libtool.m4:4543: AC_LIBTOOL_PROG_COMPILER_PIC is expanded from...
autoconf/libtool.m4:3668: _LT_AC_LANG_F77_CONFIG is expanded from...
autoconf/libtool.m4:3667: AC_LIBTOOL_LANG_F77_CONFIG is expanded from...
autoconf/libtool.m4:1637: _LT_AC_TAGCONFIG is expanded from...
autoconf/libtool.m4:95: AC_LIBTOOL_SETUP is expanded from...
autoconf/libtool.m4:75: _AC_PROG_LIBTOOL is expanded from...
autoconf/libtool.m4:40: AC_PROG_LIBTOOL is expanded from...
configure.ac:260: the top level
configure.ac:260: warning: AC_CACHE_VAL(lt_prog_compiler_pic_works_GCJ, ...): suspicious cache-id, must contain _cv_ to be cached
../../lib/autoconf/general.m4:2031: AC_CACHE_VAL is expanded from...
../../lib/autoconf/general.m4:2052: AC_CACHE_CHECK is expanded from...
autoconf/libtool.m4:566: AC_LIBTOOL_COMPILER_OPTION is expanded from...
autoconf/libtool.m4:4543: AC_LIBTOOL_PROG_COMPILER_PIC is expanded from...
autoconf/libtool.m4:3768: _LT_AC_LANG_GCJ_CONFIG is expanded from...
autoconf/libtool.m4:3767: AC_LIBTOOL_LANG_GCJ_CONFIG is expanded from...
autoconf/libtool.m4:1637: _LT_AC_TAGCONFIG is expanded from...
autoconf/libtool.m4:95: AC_LIBTOOL_SETUP is expanded from...
autoconf/libtool.m4:75: _AC_PROG_LIBTOOL is expanded from...
autoconf/libtool.m4:40: AC_PROG_LIBTOOL is expanded from...
configure.ac:260: the top level
configure.ac:260: warning: AC_LANG_CONFTEST: no AC_LANG_SOURCE call detected in body
../../lib/autoconf/lang.m4:193: AC_LANG_CONFTEST is expanded from...
../../lib/autoconf/general.m4:2661: _AC_LINK_IFELSE is expanded from...
../../lib/autoconf/general.m4:2678: AC_LINK_IFELSE is expanded from...
autoconf/libtool.m4:256: _LT_AC_SYS_LIBPATH_AIX is expanded from...
autoconf/libtool.m4:5005: AC_LIBTOOL_PROG_LD_SHLIBS is expanded from...
autoconf/libtool.m4:3768: _LT_AC_LANG_GCJ_CONFIG is expanded from...
autoconf/libtool.m4:3767: AC_LIBTOOL_LANG_GCJ_CONFIG is expanded from...
autoconf/libtool.m4:1637: _LT_AC_TAGCONFIG is expanded from...
autoconf/libtool.m4:95: AC_LIBTOOL_SETUP is expanded from...
autoconf/libtool.m4:75: _AC_PROG_LIBTOOL is expanded from...
autoconf/libtool.m4:40: AC_PROG_LIBTOOL is expanded from...
configure.ac:260: the top level
configure.ac:973: warning: AC_LANG_CONFTEST: no AC_LANG_SOURCE call detected in body
../../lib/autoconf/lang.m4:193: AC_LANG_CONFTEST is expanded from...
../../lib/autoconf/general.m4:2590: _AC_COMPILE_IFELSE is expanded from...
../../lib/autoconf/general.m4:2606: AC_COMPILE_IFELSE is expanded from...
../../lib/m4sugar/m4sh.m4:639: AS_IF is expanded from...
../../lib/autoconf/general.m4:2031: AC_CACHE_VAL is expanded from...
../../lib/autoconf/general.m4:2052: AC_CACHE_CHECK is expanded from...
configure.ac:973: the top level
configure.ac:1021: warning: AC_LANG_CONFTEST: no AC_LANG_SOURCE call detected in body
../../lib/autoconf/lang.m4:193: AC_LANG_CONFTEST is expanded from...
../../lib/autoconf/general.m4:2590: _AC_COMPILE_IFELSE is expanded from...
../../lib/autoconf/general.m4:2606: AC_COMPILE_IFELSE is expanded from...
../../lib/m4sugar/m4sh.m4:639: AS_IF is expanded from...
../../lib/autoconf/general.m4:2031: AC_CACHE_VAL is expanded from...
../../lib/autoconf/general.m4:2052: AC_CACHE_CHECK is expanded from...
configure.ac:1021: the top level
configure.ac:1165: warning: AC_LANG_CONFTEST: no AC_LANG_SOURCE call detected in body
../../lib/autoconf/lang.m4:193: AC_LANG_CONFTEST is expanded from...
../../lib/autoconf/general.m4:2590: _AC_COMPILE_IFELSE is expanded from...
../../lib/autoconf/general.m4:2606: AC_COMPILE_IFELSE is expanded from...
../../lib/m4sugar/m4sh.m4:639: AS_IF is expanded from...
../../lib/autoconf/general.m4:2031: AC_CACHE_VAL is expanded from...
../../lib/autoconf/general.m4:2052: AC_CACHE_CHECK is expanded from...
configure.ac:1165: the top level
configure.ac:1217: warning: AC_LANG_CONFTEST: no AC_LANG_SOURCE call detected in body
../../lib/autoconf/lang.m4:193: AC_LANG_CONFTEST is expanded from...
../../lib/autoconf/general.m4:2590: _AC_COMPILE_IFELSE is expanded from...
../../lib/autoconf/general.m4:2606: AC_COMPILE_IFELSE is expanded from...
../../lib/m4sugar/m4sh.m4:639: AS_IF is expanded from...
../../lib/autoconf/general.m4:2031: AC_CACHE_VAL is expanded from...
../../lib/autoconf/general.m4:2052: AC_CACHE_CHECK is expanded from...
configure.ac:1217: the top level
configure.ac:14: warning: AM_INIT_AUTOMAKE: two- and three-arguments forms are deprecated.  For more info, see:
configure.ac:14: http://www.gnu.org/software/automake/manual/automake.html#Modernize-AM_005fINIT_005fAUTOMAKE-invocation
crypto/Makefile.am:62: warning: '%'-style pattern rules are a GNU make extension
decNumber/Makefile.am:76: warning: '%'-style pattern rules are a GNU make extension
configure.ac:18: warning: AC_ARG_PROGRAM was called before AC_CANONICAL_TARGET
../../lib/autoconf/general.m4:1833: AC_CANONICAL_TARGET is expanded from...
configure.ac:18: the top level
configure.ac:260: warning: AC_CACHE_VAL(lt_prog_compiler_static_works, ...): suspicious cache-id, must contain _cv_ to be cached
../../lib/autoconf/general.m4:2031: AC_CACHE_VAL is expanded from...
../../lib/autoconf/general.m4:2052: AC_CACHE_CHECK is expanded from...
autoconf/libtool.m4:609: AC_LIBTOOL_LINKER_OPTION is expanded from...
autoconf/libtool.m4:2493: _LT_AC_LANG_C_CONFIG is expanded from...
autoconf/libtool.m4:2492: AC_LIBTOOL_LANG_C_CONFIG is expanded from...
autoconf/libtool.m4:95: AC_LIBTOOL_SETUP is expanded from...
autoconf/libtool.m4:75: _AC_PROG_LIBTOOL is expanded from...
autoconf/libtool.m4:40: AC_PROG_LIBTOOL is expanded from...
configure.ac:260: the top level
configure.ac:260: warning: AC_CACHE_VAL(lt_prog_compiler_pic_works, ...): suspicious cache-id, must contain _cv_ to be cached
../../lib/autoconf/general.m4:2031: AC_CACHE_VAL is expanded from...
../../lib/autoconf/general.m4:2052: AC_CACHE_CHECK is expanded from...
autoconf/libtool.m4:566: AC_LIBTOOL_COMPILER_OPTION is expanded from...
autoconf/libtool.m4:4543: AC_LIBTOOL_PROG_COMPILER_PIC is expanded from...
autoconf/libtool.m4:2493: _LT_AC_LANG_C_CONFIG is expanded from...
autoconf/libtool.m4:2492: AC_LIBTOOL_LANG_C_CONFIG is expanded from...
autoconf/libtool.m4:95: AC_LIBTOOL_SETUP is expanded from...
autoconf/libtool.m4:75: _AC_PROG_LIBTOOL is expanded from...
autoconf/libtool.m4:40: AC_PROG_LIBTOOL is expanded from...
configure.ac:260: the top level
configure.ac:260: warning: AC_LANG_CONFTEST: no AC_LANG_SOURCE call detected in body
../../lib/autoconf/lang.m4:193: AC_LANG_CONFTEST is expanded from...
../../lib/autoconf/general.m4:2661: _AC_LINK_IFELSE is expanded from...
../../lib/autoconf/general.m4:2678: AC_LINK_IFELSE is expanded from...
autoconf/libtool.m4:256: _LT_AC_SYS_LIBPATH_AIX is expanded from...
autoconf/libtool.m4:5005: AC_LIBTOOL_PROG_LD_SHLIBS is expanded from...
autoconf/libtool.m4:2493: _LT_AC_LANG_C_CONFIG is expanded from...
autoconf/libtool.m4:2492: AC_LIBTOOL_LANG_C_CONFIG is expanded from...
autoconf/libtool.m4:95: AC_LIBTOOL_SETUP is expanded from...
autoconf/libtool.m4:75: _AC_PROG_LIBTOOL is expanded from...
autoconf/libtool.m4:40: AC_PROG_LIBTOOL is expanded from...
configure.ac:260: the top level
configure.ac:260: warning: AC_LANG_CONFTEST: no AC_LANG_SOURCE call detected in body
../../lib/autoconf/lang.m4:193: AC_LANG_CONFTEST is expanded from...
../../lib/autoconf/general.m4:2661: _AC_LINK_IFELSE is expanded from...
../../lib/autoconf/general.m4:2678: AC_LINK_IFELSE is expanded from...
autoconf/libtool.m4:256: _LT_AC_SYS_LIBPATH_AIX is expanded from...
autoconf/libtool.m4:2638: _LT_AC_LANG_CXX_CONFIG is expanded from...
autoconf/libtool.m4:2637: AC_LIBTOOL_LANG_CXX_CONFIG is expanded from...
autoconf/libtool.m4:1637: _LT_AC_TAGCONFIG is expanded from...
autoconf/libtool.m4:95: AC_LIBTOOL_SETUP is expanded from...
autoconf/libtool.m4:75: _AC_PROG_LIBTOOL is expanded from...
autoconf/libtool.m4:40: AC_PROG_LIBTOOL is expanded from...
configure.ac:260: the top level
configure.ac:260: warning: AC_CACHE_VAL(lt_prog_compiler_pic_works_CXX, ...): suspicious cache-id, must contain _cv_ to be cached
../../lib/autoconf/general.m4:2031: AC_CACHE_VAL is expanded from...
../../lib/autoconf/general.m4:2052: AC_CACHE_CHECK is expanded from...
autoconf/libtool.m4:566: AC_LIBTOOL_COMPILER_OPTION is expanded from...
autoconf/libtool.m4:4543: AC_LIBTOOL_PROG_COMPILER_PIC is expanded from...
autoconf/libtool.m4:2638: _LT_AC_LANG_CXX_CONFIG is expanded from...
autoconf/libtool.m4:2637: AC_LIBTOOL_LANG_CXX_CONFIG is expanded from...
autoconf/libtool.m4:1637: _LT_AC_TAGCONFIG is expanded from...
autoconf/libtool.m4:95: AC_LIBTOOL_SETUP is expanded from...
autoconf/libtool.m4:75: _AC_PROG_LIBTOOL is expanded from...
autoconf/libtool.m4:40: AC_PROG_LIBTOOL is expanded from...
configure.ac:260: the top level
configure.ac:260: warning: AC_CACHE_VAL(lt_prog_compiler_pic_works_F77, ...): suspicious cache-id, must contain _cv_ to be cached
../../lib/autoconf/general.m4:2031: AC_CACHE_VAL is expanded from...
../../lib/autoconf/general.m4:2052: AC_CACHE_CHECK is expanded from...
autoconf/libtool.m4:566: AC_LIBTOOL_COMPILER_OPTION is expanded from...
autoconf/libtool.m4:4543: AC_LIBTOOL_PROG_COMPILER_PIC is expanded from...
autoconf/libtool.m4:3668: _LT_AC_LANG_F77_CONFIG is expanded from...
autoconf/libtool.m4:3667: AC_LIBTOOL_LANG_F77_CONFIG is expanded from...
autoconf/libtool.m4:1637: _LT_AC_TAGCONFIG is expanded from...
autoconf/libtool.m4:95: AC_LIBTOOL_SETUP is expanded from...
autoconf/libtool.m4:75: _AC_PROG_LIBTOOL is expanded from...
autoconf/libtool.m4:40: AC_PROG_LIBTOOL is expanded from...
configure.ac:260: the top level
configure.ac:260: warning: AC_CACHE_VAL(lt_prog_compiler_pic_works_GCJ, ...): suspicious cache-id, must contain _cv_ to be cached
../../lib/autoconf/general.m4:2031: AC_CACHE_VAL is expanded from...
../../lib/autoconf/general.m4:2052: AC_CACHE_CHECK is expanded from...
autoconf/libtool.m4:566: AC_LIBTOOL_COMPILER_OPTION is expanded from...
autoconf/libtool.m4:4543: AC_LIBTOOL_PROG_COMPILER_PIC is expanded from...
autoconf/libtool.m4:3768: _LT_AC_LANG_GCJ_CONFIG is expanded from...
autoconf/libtool.m4:3767: AC_LIBTOOL_LANG_GCJ_CONFIG is expanded from...
autoconf/libtool.m4:1637: _LT_AC_TAGCONFIG is expanded from...
autoconf/libtool.m4:95: AC_LIBTOOL_SETUP is expanded from...
autoconf/libtool.m4:75: _AC_PROG_LIBTOOL is expanded from...
autoconf/libtool.m4:40: AC_PROG_LIBTOOL is expanded from...
configure.ac:260: the top level
configure.ac:260: warning: AC_LANG_CONFTEST: no AC_LANG_SOURCE call detected in body
../../lib/autoconf/lang.m4:193: AC_LANG_CONFTEST is expanded from...
../../lib/autoconf/general.m4:2661: _AC_LINK_IFELSE is expanded from...
../../lib/autoconf/general.m4:2678: AC_LINK_IFELSE is expanded from...
autoconf/libtool.m4:256: _LT_AC_SYS_LIBPATH_AIX is expanded from...
autoconf/libtool.m4:5005: AC_LIBTOOL_PROG_LD_SHLIBS is expanded from...
autoconf/libtool.m4:3768: _LT_AC_LANG_GCJ_CONFIG is expanded from...
autoconf/libtool.m4:3767: AC_LIBTOOL_LANG_GCJ_CONFIG is expanded from...
autoconf/libtool.m4:1637: _LT_AC_TAGCONFIG is expanded from...
autoconf/libtool.m4:95: AC_LIBTOOL_SETUP is expanded from...
autoconf/libtool.m4:75: _AC_PROG_LIBTOOL is expanded from...
autoconf/libtool.m4:40: AC_PROG_LIBTOOL is expanded from...
configure.ac:260: the top level
configure.ac:973: warning: AC_LANG_CONFTEST: no AC_LANG_SOURCE call detected in body
../../lib/autoconf/lang.m4:193: AC_LANG_CONFTEST is expanded from...
../../lib/autoconf/general.m4:2590: _AC_COMPILE_IFELSE is expanded from...
../../lib/autoconf/general.m4:2606: AC_COMPILE_IFELSE is expanded from...
../../lib/m4sugar/m4sh.m4:639: AS_IF is expanded from...
../../lib/autoconf/general.m4:2031: AC_CACHE_VAL is expanded from...
../../lib/autoconf/general.m4:2052: AC_CACHE_CHECK is expanded from...
configure.ac:973: the top level
configure.ac:1021: warning: AC_LANG_CONFTEST: no AC_LANG_SOURCE call detected in body
../../lib/autoconf/lang.m4:193: AC_LANG_CONFTEST is expanded from...
../../lib/autoconf/general.m4:2590: _AC_COMPILE_IFELSE is expanded from...
../../lib/autoconf/general.m4:2606: AC_COMPILE_IFELSE is expanded from...
../../lib/m4sugar/m4sh.m4:639: AS_IF is expanded from...
../../lib/autoconf/general.m4:2031: AC_CACHE_VAL is expanded from...
../../lib/autoconf/general.m4:2052: AC_CACHE_CHECK is expanded from...
configure.ac:1021: the top level
configure.ac:1165: warning: AC_LANG_CONFTEST: no AC_LANG_SOURCE call detected in body
../../lib/autoconf/lang.m4:193: AC_LANG_CONFTEST is expanded from...
../../lib/autoconf/general.m4:2590: _AC_COMPILE_IFELSE is expanded from...
../../lib/autoconf/general.m4:2606: AC_COMPILE_IFELSE is expanded from...
../../lib/m4sugar/m4sh.m4:639: AS_IF is expanded from...
../../lib/autoconf/general.m4:2031: AC_CACHE_VAL is expanded from...
../../lib/autoconf/general.m4:2052: AC_CACHE_CHECK is expanded from...
configure.ac:1165: the top level
configure.ac:1217: warning: AC_LANG_CONFTEST: no AC_LANG_SOURCE call detected in body
../../lib/autoconf/lang.m4:193: AC_LANG_CONFTEST is expanded from...
../../lib/autoconf/general.m4:2590: _AC_COMPILE_IFELSE is expanded from...
../../lib/autoconf/general.m4:2606: AC_COMPILE_IFELSE is expanded from...
../../lib/m4sugar/m4sh.m4:639: AS_IF is expanded from...
../../lib/autoconf/general.m4:2031: AC_CACHE_VAL is expanded from...
../../lib/autoconf/general.m4:2052: AC_CACHE_CHECK is expanded from...
configure.ac:1217: the top level
